[03-Dec-2018 10:44:51 Europe/Berlin] PHP Warning:  require_once(../app/controllers/UserController.php): failed to open stream: No such file or directory in C:\xampp\htdocs\ProiectPhp\src\Router.php on line 47
[03-Dec-2018 10:44:51 Europe/Berlin] PHP Stack trace:
[03-Dec-2018 10:44:51 Europe/Berlin] PHP   1. {main}() C:\xampp\htdocs\ProiectPhp\public\index.php:0
[03-Dec-2018 10:44:51 Europe/Berlin] PHP   2. Router->checkRoute() C:\xampp\htdocs\ProiectPhp\public\index.php:22
[03-Dec-2018 10:44:51 Europe/Berlin] PHP   3. Router->callFunction($newLink = *uninitialized*, $id = *uninitialized*) C:\xampp\htdocs\ProiectPhp\src\Router.php:31
[03-Dec-2018 10:44:51 Europe/Berlin] PHP Fatal error:  require_once(): Failed opening required '../app/controllers/UserController.php' (include_path='C:\xampp\php\PEAR') in C:\xampp\htdocs\ProiectPhp\src\Router.php on line 47
[03-Dec-2018 10:44:51 Europe/Berlin] PHP Stack trace:
[03-Dec-2018 10:44:51 Europe/Berlin] PHP   1. {main}() C:\xampp\htdocs\ProiectPhp\public\index.php:0
[03-Dec-2018 10:44:51 Europe/Berlin] PHP   2. Router->checkRoute() C:\xampp\htdocs\ProiectPhp\public\index.php:22
[03-Dec-2018 10:44:51 Europe/Berlin] PHP   3. Router->callFunction($newLink = *uninitialized*, $id = *uninitialized*) C:\xampp\htdocs\ProiectPhp\src\Router.php:31
[03-Dec-2018 10:44:52 Europe/Berlin] PHP Notice:  Undefined offset: 2 in C:\xampp\htdocs\ProiectPhp\src\Router.php on line 28
[03-Dec-2018 10:44:52 Europe/Berlin] PHP Stack trace:
[03-Dec-2018 10:44:52 Europe/Berlin] PHP   1. {main}() C:\xampp\htdocs\ProiectPhp\public\index.php:0
[03-Dec-2018 10:44:52 Europe/Berlin] PHP   2. Router->checkRoute() C:\xampp\htdocs\ProiectPhp\public\index.php:22
[03-Dec-2018 10:48:25 Europe/Berlin] PHP Fatal error:  Uncaught Error: Call to undefined method UserController::showAction() in C:\xampp\htdocs\ProiectPhp\src\Router.php:50
Stack trace:
#0 C:\xampp\htdocs\ProiectPhp\src\Router.php(31): Router->callFunction('/user/{id}', Array)
#1 C:\xampp\htdocs\ProiectPhp\public\index.php(22): Router->checkRoute()
#2 {main}
  thrown in C:\xampp\htdocs\ProiectPhp\src\Router.php on line 50
[03-Dec-2018 10:48:26 Europe/Berlin] PHP Notice:  Undefined offset: 2 in C:\xampp\htdocs\ProiectPhp\src\Router.php on line 28
[03-Dec-2018 10:48:26 Europe/Berlin] PHP Stack trace:
[03-Dec-2018 10:48:26 Europe/Berlin] PHP   1. {main}() C:\xampp\htdocs\ProiectPhp\public\index.php:0
[03-Dec-2018 10:48:26 Europe/Berlin] PHP   2. Router->checkRoute() C:\xampp\htdocs\ProiectPhp\public\index.php:22
[03-Dec-2018 10:48:49 Europe/Berlin] PHP Notice:  Undefined offset: 2 in C:\xampp\htdocs\ProiectPhp\src\Router.php on line 28
[03-Dec-2018 10:48:49 Europe/Berlin] PHP Stack trace:
[03-Dec-2018 10:48:49 Europe/Berlin] PHP   1. {main}() C:\xampp\htdocs\ProiectPhp\public\index.php:0
[03-Dec-2018 10:48:49 Europe/Berlin] PHP   2. Router->checkRoute() C:\xampp\htdocs\ProiectPhp\public\index.php:22
[10-Dec-2018 09:30:36 Europe/Berlin] PHP Notice:  Undefined offset: 2 in C:\xampp\htdocs\ProiectPhp\src\Router.php on line 28
[10-Dec-2018 09:30:36 Europe/Berlin] PHP Stack trace:
[10-Dec-2018 09:30:36 Europe/Berlin] PHP   1. {main}() C:\xampp\htdocs\ProiectPhp\public\index.php:0
[10-Dec-2018 09:30:36 Europe/Berlin] PHP   2. Router->checkRoute() C:\xampp\htdocs\ProiectPhp\public\index.php:29
[10-Dec-2018 09:30:36 Europe/Berlin] PHP Notice:  Undefined offset: 2 in C:\xampp\htdocs\ProiectPhp\src\Router.php on line 28
[10-Dec-2018 09:30:36 Europe/Berlin] PHP Stack trace:
[10-Dec-2018 09:30:37 Europe/Berlin] PHP   1. {main}() C:\xampp\htdocs\ProiectPhp\public\index.php:0
[10-Dec-2018 09:30:37 Europe/Berlin] PHP   2. Router->checkRoute() C:\xampp\htdocs\ProiectPhp\public\index.php:29
[10-Dec-2018 09:31:38 Europe/Berlin] PHP Notice:  Undefined offset: 2 in C:\xampp\htdocs\ProiectPhp\src\Router.php on line 28
[10-Dec-2018 09:31:39 Europe/Berlin] PHP Stack trace:
[10-Dec-2018 09:31:39 Europe/Berlin] PHP   1. {main}() C:\xampp\htdocs\ProiectPhp\public\index.php:0
[10-Dec-2018 09:31:39 Europe/Berlin] PHP   2. Router->checkRoute() C:\xampp\htdocs\ProiectPhp\public\index.php:29
[10-Dec-2018 09:31:39 Europe/Berlin] PHP Notice:  Undefined offset: 2 in C:\xampp\htdocs\ProiectPhp\src\Router.php on line 28
[10-Dec-2018 09:31:39 Europe/Berlin] PHP Stack trace:
[10-Dec-2018 09:31:39 Europe/Berlin] PHP   1. {main}() C:\xampp\htdocs\ProiectPhp\public\index.php:0
[10-Dec-2018 09:31:39 Europe/Berlin] PHP   2. Router->checkRoute() C:\xampp\htdocs\ProiectPhp\public\index.php:29
[10-Dec-2018 09:31:49 Europe/Berlin] PHP Notice:  Undefined offset: 2 in C:\xampp\htdocs\ProiectPhp\src\Router.php on line 28
[10-Dec-2018 09:31:49 Europe/Berlin] PHP Stack trace:
[10-Dec-2018 09:31:50 Europe/Berlin] PHP   1. {main}() C:\xampp\htdocs\ProiectPhp\public\index.php:0
[10-Dec-2018 09:31:50 Europe/Berlin] PHP   2. Router->checkRoute() C:\xampp\htdocs\ProiectPhp\public\index.php:29
[10-Dec-2018 09:31:50 Europe/Berlin] PHP Notice:  Undefined offset: 2 in C:\xampp\htdocs\ProiectPhp\src\Router.php on line 28
[10-Dec-2018 09:31:50 Europe/Berlin] PHP Stack trace:
[10-Dec-2018 09:31:50 Europe/Berlin] PHP   1. {main}() C:\xampp\htdocs\ProiectPhp\public\index.php:0
[10-Dec-2018 09:31:50 Europe/Berlin] PHP   2. Router->checkRoute() C:\xampp\htdocs\ProiectPhp\public\index.php:29
[10-Dec-2018 09:31:54 Europe/Berlin] PHP Notice:  Undefined offset: 2 in C:\xampp\htdocs\ProiectPhp\src\Router.php on line 28
[10-Dec-2018 09:31:54 Europe/Berlin] PHP Stack trace:
[10-Dec-2018 09:31:54 Europe/Berlin] PHP   1. {main}() C:\xampp\htdocs\ProiectPhp\public\index.php:0
[10-Dec-2018 09:31:54 Europe/Berlin] PHP   2. Router->checkRoute() C:\xampp\htdocs\ProiectPhp\public\index.php:29
[10-Dec-2018 09:31:55 Europe/Berlin] PHP Notice:  Undefined offset: 2 in C:\xampp\htdocs\ProiectPhp\src\Router.php on line 28
[10-Dec-2018 09:31:55 Europe/Berlin] PHP Stack trace:
[10-Dec-2018 09:31:55 Europe/Berlin] PHP   1. {main}() C:\xampp\htdocs\ProiectPhp\public\index.php:0
[10-Dec-2018 09:31:55 Europe/Berlin] PHP   2. Router->checkRoute() C:\xampp\htdocs\ProiectPhp\public\index.php:29
[10-Dec-2018 09:32:00 Europe/Berlin] PHP Notice:  Undefined offset: 2 in C:\xampp\htdocs\ProiectPhp\src\Router.php on line 28
[10-Dec-2018 09:32:00 Europe/Berlin] PHP Stack trace:
[10-Dec-2018 09:32:00 Europe/Berlin] PHP   1. {main}() C:\xampp\htdocs\ProiectPhp\public\index.php:0
[10-Dec-2018 09:32:00 Europe/Berlin] PHP   2. Router->checkRoute() C:\xampp\htdocs\ProiectPhp\public\index.php:29
[10-Dec-2018 09:32:01 Europe/Berlin] PHP Notice:  Undefined offset: 2 in C:\xampp\htdocs\ProiectPhp\src\Router.php on line 28
[10-Dec-2018 09:32:01 Europe/Berlin] PHP Stack trace:
[10-Dec-2018 09:32:01 Europe/Berlin] PHP   1. {main}() C:\xampp\htdocs\ProiectPhp\public\index.php:0
[10-Dec-2018 09:32:01 Europe/Berlin] PHP   2. Router->checkRoute() C:\xampp\htdocs\ProiectPhp\public\index.php:29
[10-Dec-2018 09:32:16 Europe/Berlin] PHP Notice:  Undefined offset: 2 in C:\xampp\htdocs\ProiectPhp\src\Router.php on line 28
[10-Dec-2018 09:32:16 Europe/Berlin] PHP Stack trace:
[10-Dec-2018 09:32:16 Europe/Berlin] PHP   1. {main}() C:\xampp\htdocs\ProiectPhp\public\index.php:0
[10-Dec-2018 09:32:16 Europe/Berlin] PHP   2. Router->checkRoute() C:\xampp\htdocs\ProiectPhp\public\index.php:29
[10-Dec-2018 09:32:16 Europe/Berlin] PHP Notice:  Undefined offset: 2 in C:\xampp\htdocs\ProiectPhp\src\Router.php on line 28
[10-Dec-2018 09:32:16 Europe/Berlin] PHP Stack trace:
[10-Dec-2018 09:32:16 Europe/Berlin] PHP   1. {main}() C:\xampp\htdocs\ProiectPhp\public\index.php:0
[10-Dec-2018 09:32:17 Europe/Berlin] PHP   2. Router->checkRoute() C:\xampp\htdocs\ProiectPhp\public\index.php:25
[10-Dec-2018 09:32:17 Europe/Berlin] PHP Notice:  Undefined offset: 2 in C:\xampp\htdocs\ProiectPhp\src\Router.php on line 28
[10-Dec-2018 09:32:17 Europe/Berlin] PHP Stack trace:
[10-Dec-2018 09:32:17 Europe/Berlin] PHP   1. {main}() C:\xampp\htdocs\ProiectPhp\public\index.php:0
[10-Dec-2018 09:32:17 Europe/Berlin] PHP   2. Router->checkRoute() C:\xampp\htdocs\ProiectPhp\public\index.php:29
[10-Dec-2018 09:32:24 Europe/Berlin] PHP Notice:  Undefined offset: 2 in C:\xampp\htdocs\ProiectPhp\src\Router.php on line 28
[10-Dec-2018 09:32:24 Europe/Berlin] PHP Stack trace:
[10-Dec-2018 09:32:24 Europe/Berlin] PHP   1. {main}() C:\xampp\htdocs\ProiectPhp\public\index.php:0
[10-Dec-2018 09:32:24 Europe/Berlin] PHP   2. Router->checkRoute() C:\xampp\htdocs\ProiectPhp\public\index.php:29
[10-Dec-2018 09:32:24 Europe/Berlin] PHP Notice:  Undefined offset: 2 in C:\xampp\htdocs\ProiectPhp\src\Router.php on line 28
[10-Dec-2018 09:32:24 Europe/Berlin] PHP Stack trace:
[10-Dec-2018 09:32:24 Europe/Berlin] PHP   1. {main}() C:\xampp\htdocs\ProiectPhp\public\index.php:0
[10-Dec-2018 09:32:24 Europe/Berlin] PHP   2. Router->checkRoute() C:\xampp\htdocs\ProiectPhp\public\index.php:25
[10-Dec-2018 09:32:24 Europe/Berlin] PHP Notice:  Undefined offset: 2 in C:\xampp\htdocs\ProiectPhp\src\Router.php on line 28
[10-Dec-2018 09:32:24 Europe/Berlin] PHP Stack trace:
[10-Dec-2018 09:32:24 Europe/Berlin] PHP   1. {main}() C:\xampp\htdocs\ProiectPhp\public\index.php:0
[10-Dec-2018 09:32:24 Europe/Berlin] PHP   2. Router->checkRoute() C:\xampp\htdocs\ProiectPhp\public\index.php:29
[10-Dec-2018 09:43:04 Europe/Berlin] PHP Notice:  Undefined offset: 2 in C:\xampp\htdocs\ProiectPhp\src\Router.php on line 28
[10-Dec-2018 09:43:04 Europe/Berlin] PHP Stack trace:
[10-Dec-2018 09:43:04 Europe/Berlin] PHP   1. {main}() C:\xampp\htdocs\ProiectPhp\public\index.php:0
[10-Dec-2018 09:43:04 Europe/Berlin] PHP   2. Router->checkRoute() C:\xampp\htdocs\ProiectPhp\public\index.php:29
[10-Dec-2018 09:43:04 Europe/Berlin] PHP Notice:  Undefined offset: 2 in C:\xampp\htdocs\ProiectPhp\src\Router.php on line 28
[10-Dec-2018 09:43:04 Europe/Berlin] PHP Stack trace:
[10-Dec-2018 09:43:04 Europe/Berlin] PHP   1. {main}() C:\xampp\htdocs\ProiectPhp\public\index.php:0
[10-Dec-2018 09:43:04 Europe/Berlin] PHP   2. Router->checkRoute() C:\xampp\htdocs\ProiectPhp\public\index.php:25
[10-Dec-2018 09:43:04 Europe/Berlin] PHP Notice:  Undefined offset: 2 in C:\xampp\htdocs\ProiectPhp\src\Router.php on line 28
[10-Dec-2018 09:43:04 Europe/Berlin] PHP Stack trace:
[10-Dec-2018 09:43:04 Europe/Berlin] PHP   1. {main}() C:\xampp\htdocs\ProiectPhp\public\index.php:0
[10-Dec-2018 09:43:04 Europe/Berlin] PHP   2. Router->checkRoute() C:\xampp\htdocs\ProiectPhp\public\index.php:29
[10-Dec-2018 09:43:10 Europe/Berlin] PHP Notice:  Undefined offset: 2 in C:\xampp\htdocs\ProiectPhp\src\Router.php on line 28
[10-Dec-2018 09:43:10 Europe/Berlin] PHP Stack trace:
[10-Dec-2018 09:43:10 Europe/Berlin] PHP   1. {main}() C:\xampp\htdocs\ProiectPhp\public\index.php:0
[10-Dec-2018 09:43:10 Europe/Berlin] PHP   2. Router->checkRoute() C:\xampp\htdocs\ProiectPhp\public\index.php:29
[10-Dec-2018 09:43:11 Europe/Berlin] PHP Notice:  Undefined offset: 2 in C:\xampp\htdocs\ProiectPhp\src\Router.php on line 28
[10-Dec-2018 09:43:11 Europe/Berlin] PHP Stack trace:
[10-Dec-2018 09:43:11 Europe/Berlin] PHP   1. {main}() C:\xampp\htdocs\ProiectPhp\public\index.php:0
[10-Dec-2018 09:43:11 Europe/Berlin] PHP   2. Router->checkRoute() C:\xampp\htdocs\ProiectPhp\public\index.php:25
[10-Dec-2018 09:43:11 Europe/Berlin] PHP Notice:  Undefined offset: 2 in C:\xampp\htdocs\ProiectPhp\src\Router.php on line 28
[10-Dec-2018 09:43:11 Europe/Berlin] PHP Stack trace:
[10-Dec-2018 09:43:11 Europe/Berlin] PHP   1. {main}() C:\xampp\htdocs\ProiectPhp\public\index.php:0
[10-Dec-2018 09:43:11 Europe/Berlin] PHP   2. Router->checkRoute() C:\xampp\htdocs\ProiectPhp\public\index.php:29
[10-Dec-2018 09:48:59 Europe/Berlin] PHP Notice:  Undefined offset: 2 in C:\xampp\htdocs\ProiectPhp\src\Router.php on line 31
[10-Dec-2018 09:48:59 Europe/Berlin] PHP Stack trace:
[10-Dec-2018 09:48:59 Europe/Berlin] PHP   1. {main}() C:\xampp\htdocs\ProiectPhp\public\index.php:0
[10-Dec-2018 09:48:59 Europe/Berlin] PHP   2. Router->checkRoute() C:\xampp\htdocs\ProiectPhp\public\index.php:25
[10-Dec-2018 09:49:15 Europe/Berlin] PHP Notice:  Undefined offset: 2 in C:\xampp\htdocs\ProiectPhp\src\Router.php on line 31
[10-Dec-2018 09:49:15 Europe/Berlin] PHP Stack trace:
[10-Dec-2018 09:49:15 Europe/Berlin] PHP   1. {main}() C:\xampp\htdocs\ProiectPhp\public\index.php:0
[10-Dec-2018 09:49:15 Europe/Berlin] PHP   2. Router->checkRoute() C:\xampp\htdocs\ProiectPhp\public\index.php:25
[10-Dec-2018 09:49:39 Europe/Berlin] PHP Notice:  Undefined offset: 2 in C:\xampp\htdocs\ProiectPhp\src\Router.php on line 31
[10-Dec-2018 09:49:40 Europe/Berlin] PHP Stack trace:
[10-Dec-2018 09:49:40 Europe/Berlin] PHP   1. {main}() C:\xampp\htdocs\ProiectPhp\public\index.php:0
[10-Dec-2018 09:49:40 Europe/Berlin] PHP   2. Router->checkRoute() C:\xampp\htdocs\ProiectPhp\public\index.php:25
[10-Dec-2018 09:49:52 Europe/Berlin] PHP Notice:  Array to string conversion in C:\xampp\htdocs\ProiectPhp\app\controllers\UserController.php on line 13
[10-Dec-2018 09:49:52 Europe/Berlin] PHP Stack trace:
[10-Dec-2018 09:49:52 Europe/Berlin] PHP   1. {main}() C:\xampp\htdocs\ProiectPhp\public\index.php:0
[10-Dec-2018 09:49:52 Europe/Berlin] PHP   2. Router->checkRoute() C:\xampp\htdocs\ProiectPhp\public\index.php:25
[10-Dec-2018 09:49:52 Europe/Berlin] PHP   3. Router->callFunction($newLink = *uninitialized*, $id = *uninitialized*) C:\xampp\htdocs\ProiectPhp\src\Router.php:34
[10-Dec-2018 09:49:52 Europe/Berlin] PHP   4. UserController->showAction($id = *uninitialized*, $queryString = *uninitialized*) C:\xampp\htdocs\ProiectPhp\src\Router.php:53
[10-Dec-2018 09:49:53 Europe/Berlin] PHP Notice:  Undefined offset: 2 in C:\xampp\htdocs\ProiectPhp\src\Router.php on line 31
[10-Dec-2018 09:49:53 Europe/Berlin] PHP Stack trace:
[10-Dec-2018 09:49:53 Europe/Berlin] PHP   1. {main}() C:\xampp\htdocs\ProiectPhp\public\index.php:0
[10-Dec-2018 09:49:53 Europe/Berlin] PHP   2. Router->checkRoute() C:\xampp\htdocs\ProiectPhp\public\index.php:25
[10-Dec-2018 09:50:18 Europe/Berlin] PHP Notice:  Undefined offset: 2 in C:\xampp\htdocs\ProiectPhp\src\Router.php on line 31
[10-Dec-2018 09:50:18 Europe/Berlin] PHP Stack trace:
[10-Dec-2018 09:50:18 Europe/Berlin] PHP   1. {main}() C:\xampp\htdocs\ProiectPhp\public\index.php:0
[10-Dec-2018 09:50:18 Europe/Berlin] PHP   2. Router->checkRoute() C:\xampp\htdocs\ProiectPhp\public\index.php:25
[10-Dec-2018 10:16:09 Europe/Berlin] PHP Fatal error:  Uncaught Error: Class 'Router' not found in C:\xampp\htdocs\ProiectPhp\public\index.php:25
Stack trace:
#0 {main}
  thrown in C:\xampp\htdocs\ProiectPhp\public\index.php on line 25
[10-Dec-2018 10:16:09 Europe/Berlin] PHP Fatal error:  Uncaught Error: Class 'Router' not found in C:\xampp\htdocs\ProiectPhp\public\index.php:25
Stack trace:
#0 {main}
  thrown in C:\xampp\htdocs\ProiectPhp\public\index.php on line 25
[10-Dec-2018 10:16:23 Europe/Berlin] PHP Fatal error:  Uncaught Error: Class 'Router' not found in C:\xampp\htdocs\ProiectPhp\public\index.php:25
Stack trace:
#0 {main}
  thrown in C:\xampp\htdocs\ProiectPhp\public\index.php on line 25
[10-Dec-2018 10:16:24 Europe/Berlin] PHP Fatal error:  Uncaught Error: Class 'Router' not found in C:\xampp\htdocs\ProiectPhp\public\index.php:25
Stack trace:
#0 {main}
  thrown in C:\xampp\htdocs\ProiectPhp\public\index.php on line 25
[10-Dec-2018 10:17:57 Europe/Berlin] PHP Notice:  Undefined offset: 2 in C:\xampp\htdocs\ProiectPhp\src\Router.php on line 32
[10-Dec-2018 10:17:57 Europe/Berlin] PHP Stack trace:
[10-Dec-2018 10:17:57 Europe/Berlin] PHP   1. {main}() C:\xampp\htdocs\ProiectPhp\public\index.php:0
[10-Dec-2018 10:17:57 Europe/Berlin] PHP   2. Framework\Router->checkRoute() C:\xampp\htdocs\ProiectPhp\public\index.php:27
[10-Dec-2018 10:18:13 Europe/Berlin] PHP Fatal error:  Uncaught Error: Class 'UserController' not found in C:\xampp\htdocs\ProiectPhp\src\Router.php:53
Stack trace:
#0 C:\xampp\htdocs\ProiectPhp\src\Router.php(35): Framework\Router->callFunction('/user/{id}', Array)
#1 C:\xampp\htdocs\ProiectPhp\public\index.php(27): Framework\Router->checkRoute()
#2 {main}
  thrown in C:\xampp\htdocs\ProiectPhp\src\Router.php on line 53
[10-Dec-2018 10:18:13 Europe/Berlin] PHP Notice:  Undefined offset: 2 in C:\xampp\htdocs\ProiectPhp\src\Router.php on line 32
[10-Dec-2018 10:18:13 Europe/Berlin] PHP Stack trace:
[10-Dec-2018 10:18:13 Europe/Berlin] PHP   1. {main}() C:\xampp\htdocs\ProiectPhp\public\index.php:0
[10-Dec-2018 10:18:13 Europe/Berlin] PHP   2. Framework\Router->checkRoute() C:\xampp\htdocs\ProiectPhp\public\index.php:27
[10-Dec-2018 10:24:14 Europe/Berlin] PHP Notice:  Undefined offset: 2 in C:\xampp\htdocs\ProiectPhp\src\Router.php on line 32
[10-Dec-2018 10:24:14 Europe/Berlin] PHP Stack trace:
[10-Dec-2018 10:24:14 Europe/Berlin] PHP   1. {main}() C:\xampp\htdocs\ProiectPhp\public\index.php:0
[10-Dec-2018 10:24:14 Europe/Berlin] PHP   2. Framework\Router->checkRoute() C:\xampp\htdocs\ProiectPhp\public\index.php:27
[10-Dec-2018 10:25:54 Europe/Berlin] PHP Fatal error:  Uncaught Error: Class 'PageController' not found in C:\xampp\htdocs\ProiectPhp\src\Router.php:53
Stack trace:
#0 C:\xampp\htdocs\ProiectPhp\src\Router.php(38): Framework\Router->callFunction('/page/about-us')
#1 C:\xampp\htdocs\ProiectPhp\public\index.php(27): Framework\Router->checkRoute()
#2 {main}
  thrown in C:\xampp\htdocs\ProiectPhp\src\Router.php on line 53
[10-Dec-2018 10:25:54 Europe/Berlin] PHP Notice:  Undefined offset: 2 in C:\xampp\htdocs\ProiectPhp\src\Router.php on line 32
[10-Dec-2018 10:25:54 Europe/Berlin] PHP Stack trace:
[10-Dec-2018 10:25:54 Europe/Berlin] PHP   1. {main}() C:\xampp\htdocs\ProiectPhp\public\index.php:0
[10-Dec-2018 10:25:54 Europe/Berlin] PHP   2. Framework\Router->checkRoute() C:\xampp\htdocs\ProiectPhp\public\index.php:27
[10-Dec-2018 10:32:36 Europe/Berlin] PHP Notice:  Undefined offset: 2 in C:\xampp\htdocs\ProiectPhp\src\Router.php on line 31
[10-Dec-2018 10:32:36 Europe/Berlin] PHP Stack trace:
[10-Dec-2018 10:32:36 Europe/Berlin] PHP   1. {main}() C:\xampp\htdocs\ProiectPhp\public\index.php:0
[10-Dec-2018 10:32:36 Europe/Berlin] PHP   2. Framework\Router->checkRoute() C:\xampp\htdocs\ProiectPhp\public\index.php:27
[10-Dec-2018 10:33:34 Europe/Berlin] PHP Notice:  Undefined offset: 2 in C:\xampp\htdocs\ProiectPhp\src\Router.php on line 31
[10-Dec-2018 10:33:34 Europe/Berlin] PHP Stack trace:
[10-Dec-2018 10:33:34 Europe/Berlin] PHP   1. {main}() C:\xampp\htdocs\ProiectPhp\public\index.php:0
[10-Dec-2018 10:33:34 Europe/Berlin] PHP   2. Framework\Router->checkRoute() C:\xampp\htdocs\ProiectPhp\public\index.php:27
[10-Dec-2018 10:36:49 Europe/Berlin] PHP Notice:  Undefined offset: 2 in C:\xampp\htdocs\ProiectPhp\src\Router.php on line 31
[10-Dec-2018 10:36:49 Europe/Berlin] PHP Stack trace:
[10-Dec-2018 10:36:49 Europe/Berlin] PHP   1. {main}() C:\xampp\htdocs\ProiectPhp\public\index.php:0
[10-Dec-2018 10:36:49 Europe/Berlin] PHP   2. Framework\Router->checkRoute() C:\xampp\htdocs\ProiectPhp\public\index.php:27
[10-Dec-2018 10:39:46 Europe/Berlin] PHP Notice:  Undefined offset: 2 in C:\xampp\htdocs\ProiectPhp\src\Router.php on line 31
[10-Dec-2018 10:39:46 Europe/Berlin] PHP Stack trace:
[10-Dec-2018 10:39:46 Europe/Berlin] PHP   1. {main}() C:\xampp\htdocs\ProiectPhp\public\index.php:0
[10-Dec-2018 10:39:46 Europe/Berlin] PHP   2. Framework\Router->checkRoute() C:\xampp\htdocs\ProiectPhp\public\index.php:27
[10-Dec-2018 10:40:29 Europe/Berlin] PHP Notice:  Undefined offset: 2 in C:\xampp\htdocs\ProiectPhp\src\Router.php on line 31
[10-Dec-2018 10:40:29 Europe/Berlin] PHP Stack trace:
[10-Dec-2018 10:40:29 Europe/Berlin] PHP   1. {main}() C:\xampp\htdocs\ProiectPhp\public\index.php:0
[10-Dec-2018 10:40:29 Europe/Berlin] PHP   2. Framework\Router->checkRoute() C:\xampp\htdocs\ProiectPhp\public\index.php:27
[10-Dec-2018 10:41:22 Europe/Berlin] PHP Notice:  Undefined offset: 2 in C:\xampp\htdocs\ProiectPhp\src\Router.php on line 31
[10-Dec-2018 10:41:22 Europe/Berlin] PHP Stack trace:
[10-Dec-2018 10:41:22 Europe/Berlin] PHP   1. {main}() C:\xampp\htdocs\ProiectPhp\public\index.php:0
[10-Dec-2018 10:41:22 Europe/Berlin] PHP   2. Framework\Router->checkRoute() C:\xampp\htdocs\ProiectPhp\public\index.php:27
[10-Dec-2018 10:42:15 Europe/Berlin] PHP Notice:  Undefined offset: 2 in C:\xampp\htdocs\ProiectPhp\src\Router.php on line 31
[10-Dec-2018 10:42:15 Europe/Berlin] PHP Stack trace:
[10-Dec-2018 10:42:15 Europe/Berlin] PHP   1. {main}() C:\xampp\htdocs\ProiectPhp\public\index.php:0
[10-Dec-2018 10:42:15 Europe/Berlin] PHP   2. Framework\Router->checkRoute() C:\xampp\htdocs\ProiectPhp\public\index.php:27
[10-Dec-2018 10:45:51 Europe/Berlin] PHP Notice:  Undefined offset: 2 in C:\xampp\htdocs\ProiectPhp\src\Router.php on line 31
[10-Dec-2018 10:45:51 Europe/Berlin] PHP Stack trace:
[10-Dec-2018 10:45:51 Europe/Berlin] PHP   1. {main}() C:\xampp\htdocs\ProiectPhp\public\index.php:0
[10-Dec-2018 10:45:51 Europe/Berlin] PHP   2. Framework\Router->checkRoute() C:\xampp\htdocs\ProiectPhp\public\index.php:27
[10-Dec-2018 10:48:56 Europe/Berlin] PHP Fatal error:  Uncaught Error: Class '\App\ControllersPageController' not found in C:\xampp\htdocs\ProiectPhp\src\Router.php:86
Stack trace:
#0 C:\xampp\htdocs\ProiectPhp\src\Router.php(31): Framework\Router->callFunction('/page/about-us')
#1 C:\xampp\htdocs\ProiectPhp\public\index.php(27): Framework\Router->checkRoute()
#2 {main}
  thrown in C:\xampp\htdocs\ProiectPhp\src\Router.php on line 86
[10-Dec-2018 10:48:57 Europe/Berlin] PHP Notice:  Undefined offset: 2 in C:\xampp\htdocs\ProiectPhp\src\Router.php on line 38
[10-Dec-2018 10:48:57 Europe/Berlin] PHP Stack trace:
[10-Dec-2018 10:48:57 Europe/Berlin] PHP   1. {main}() C:\xampp\htdocs\ProiectPhp\public\index.php:0
[10-Dec-2018 10:48:57 Europe/Berlin] PHP   2. Framework\Router->checkRoute() C:\xampp\htdocs\ProiectPhp\public\index.php:27
[10-Dec-2018 10:48:57 Europe/Berlin] PHP Notice:  Undefined index: /favicon.ico in C:\xampp\htdocs\ProiectPhp\src\Router.php on line 39
[10-Dec-2018 10:48:57 Europe/Berlin] PHP Stack trace:
[10-Dec-2018 10:48:57 Europe/Berlin] PHP   1. {main}() C:\xampp\htdocs\ProiectPhp\public\index.php:0
[10-Dec-2018 10:48:57 Europe/Berlin] PHP   2. Framework\Router->checkRoute() C:\xampp\htdocs\ProiectPhp\public\index.php:27
[10-Dec-2018 10:49:33 Europe/Berlin] PHP Fatal error:  Uncaught Error: Class '\App\ControllersPageController' not found in C:\xampp\htdocs\ProiectPhp\src\Router.php:86
Stack trace:
#0 C:\xampp\htdocs\ProiectPhp\src\Router.php(31): Framework\Router->callFunction('/page/about-us')
#1 C:\xampp\htdocs\ProiectPhp\public\index.php(27): Framework\Router->checkRoute()
#2 {main}
  thrown in C:\xampp\htdocs\ProiectPhp\src\Router.php on line 86
[10-Dec-2018 10:49:34 Europe/Berlin] PHP Notice:  Undefined offset: 2 in C:\xampp\htdocs\ProiectPhp\src\Router.php on line 38
[10-Dec-2018 10:49:34 Europe/Berlin] PHP Stack trace:
[10-Dec-2018 10:49:34 Europe/Berlin] PHP   1. {main}() C:\xampp\htdocs\ProiectPhp\public\index.php:0
[10-Dec-2018 10:49:34 Europe/Berlin] PHP   2. Framework\Router->checkRoute() C:\xampp\htdocs\ProiectPhp\public\index.php:27
[10-Dec-2018 10:49:34 Europe/Berlin] PHP Notice:  Undefined index: /favicon.ico in C:\xampp\htdocs\ProiectPhp\src\Router.php on line 39
[10-Dec-2018 10:49:34 Europe/Berlin] PHP Stack trace:
[10-Dec-2018 10:49:34 Europe/Berlin] PHP   1. {main}() C:\xampp\htdocs\ProiectPhp\public\index.php:0
[10-Dec-2018 10:49:34 Europe/Berlin] PHP   2. Framework\Router->checkRoute() C:\xampp\htdocs\ProiectPhp\public\index.php:27
[10-Dec-2018 10:50:24 Europe/Berlin] PHP Parse error:  syntax error, unexpected ''\App\Controllers\'.$numeContr' (T_ENCAPSED_AND_WHITESPACE) in C:\xampp\htdocs\ProiectPhp\src\Router.php on line 84
[10-Dec-2018 10:50:25 Europe/Berlin] PHP Parse error:  syntax error, unexpected ''\App\Controllers\'.$numeContr' (T_ENCAPSED_AND_WHITESPACE) in C:\xampp\htdocs\ProiectPhp\src\Router.php on line 84
[12-Dec-2018 12:43:19 Europe/Berlin] PHP Notice:  Undefined offset: 2 in C:\xampp\htdocs\ProiectPhp\src\Router.php on line 38
[12-Dec-2018 12:43:19 Europe/Berlin] PHP Stack trace:
[12-Dec-2018 12:43:19 Europe/Berlin] PHP   1. {main}() C:\xampp\htdocs\ProiectPhp\public\index.php:0
[12-Dec-2018 12:43:19 Europe/Berlin] PHP   2. Framework\Router->checkRoute() C:\xampp\htdocs\ProiectPhp\public\index.php:27
[12-Dec-2018 12:43:19 Europe/Berlin] PHP Notice:  Undefined index: / in C:\xampp\htdocs\ProiectPhp\src\Router.php on line 39
[12-Dec-2018 12:43:19 Europe/Berlin] PHP Stack trace:
[12-Dec-2018 12:43:19 Europe/Berlin] PHP   1. {main}() C:\xampp\htdocs\ProiectPhp\public\index.php:0
[12-Dec-2018 12:43:19 Europe/Berlin] PHP   2. Framework\Router->checkRoute() C:\xampp\htdocs\ProiectPhp\public\index.php:27
[12-Dec-2018 12:43:20 Europe/Berlin] PHP Notice:  Undefined offset: 2 in C:\xampp\htdocs\ProiectPhp\src\Router.php on line 38
[12-Dec-2018 12:43:20 Europe/Berlin] PHP Stack trace:
[12-Dec-2018 12:43:20 Europe/Berlin] PHP   1. {main}() C:\xampp\htdocs\ProiectPhp\public\index.php:0
[12-Dec-2018 12:43:20 Europe/Berlin] PHP   2. Framework\Router->checkRoute() C:\xampp\htdocs\ProiectPhp\public\index.php:27
[12-Dec-2018 12:43:20 Europe/Berlin] PHP Notice:  Undefined index: /favicon.ico in C:\xampp\htdocs\ProiectPhp\src\Router.php on line 39
[12-Dec-2018 12:43:20 Europe/Berlin] PHP Stack trace:
[12-Dec-2018 12:43:20 Europe/Berlin] PHP   1. {main}() C:\xampp\htdocs\ProiectPhp\public\index.php:0
[12-Dec-2018 12:43:20 Europe/Berlin] PHP   2. Framework\Router->checkRoute() C:\xampp\htdocs\ProiectPhp\public\index.php:27
[12-Dec-2018 12:46:41 Europe/Berlin] PHP Fatal error:  Uncaught Error: Class '\App\ControllersPageController' not found in C:\xampp\htdocs\ProiectPhp\src\Router.php:87
Stack trace:
#0 C:\xampp\htdocs\ProiectPhp\src\Router.php(31): Framework\Router->callFunction('/page/about-us')
#1 C:\xampp\htdocs\ProiectPhp\public\index.php(27): Framework\Router->checkRoute()
#2 {main}
  thrown in C:\xampp\htdocs\ProiectPhp\src\Router.php on line 87
[12-Dec-2018 12:49:16 Europe/Berlin] PHP Fatal error:  Uncaught Error: Class '\App\ControllersUserController' not found in C:\xampp\htdocs\ProiectPhp\src\Router.php:86
Stack trace:
#0 C:\xampp\htdocs\ProiectPhp\src\Router.php(41): Framework\Router->callFunction('/user/{id}', '32')
#1 C:\xampp\htdocs\ProiectPhp\public\index.php(30): Framework\Router->checkRoute()
#2 {main}
  thrown in C:\xampp\htdocs\ProiectPhp\src\Router.php on line 86
[12-Dec-2018 12:49:16 Europe/Berlin] PHP Notice:  Undefined offset: 2 in C:\xampp\htdocs\ProiectPhp\src\Router.php on line 38
[12-Dec-2018 12:49:16 Europe/Berlin] PHP Stack trace:
[12-Dec-2018 12:49:16 Europe/Berlin] PHP   1. {main}() C:\xampp\htdocs\ProiectPhp\public\index.php:0
[12-Dec-2018 12:49:16 Europe/Berlin] PHP   2. Framework\Router->checkRoute() C:\xampp\htdocs\ProiectPhp\public\index.php:30
[12-Dec-2018 12:49:16 Europe/Berlin] PHP Notice:  Undefined index: /favicon.ico in C:\xampp\htdocs\ProiectPhp\src\Router.php on line 39
[12-Dec-2018 12:49:16 Europe/Berlin] PHP Stack trace:
[12-Dec-2018 12:49:17 Europe/Berlin] PHP   1. {main}() C:\xampp\htdocs\ProiectPhp\public\index.php:0
[12-Dec-2018 12:49:17 Europe/Berlin] PHP   2. Framework\Router->checkRoute() C:\xampp\htdocs\ProiectPhp\public\index.php:30
[12-Dec-2018 12:49:46 Europe/Berlin] PHP Fatal error:  Uncaught Error: Class '\App\ControllersUserController' not found in C:\xampp\htdocs\ProiectPhp\src\Router.php:86
Stack trace:
#0 C:\xampp\htdocs\ProiectPhp\src\Router.php(41): Framework\Router->callFunction('/user/{id}', '32')
#1 C:\xampp\htdocs\ProiectPhp\public\index.php(30): Framework\Router->checkRoute()
#2 {main}
  thrown in C:\xampp\htdocs\ProiectPhp\src\Router.php on line 86
[12-Dec-2018 12:49:47 Europe/Berlin] PHP Notice:  Undefined offset: 2 in C:\xampp\htdocs\ProiectPhp\src\Router.php on line 38
[12-Dec-2018 12:49:47 Europe/Berlin] PHP Stack trace:
[12-Dec-2018 12:49:47 Europe/Berlin] PHP   1. {main}() C:\xampp\htdocs\ProiectPhp\public\index.php:0
[12-Dec-2018 12:49:47 Europe/Berlin] PHP   2. Framework\Router->checkRoute() C:\xampp\htdocs\ProiectPhp\public\index.php:30
[12-Dec-2018 12:49:47 Europe/Berlin] PHP Notice:  Undefined index: /favicon.ico in C:\xampp\htdocs\ProiectPhp\src\Router.php on line 39
[12-Dec-2018 12:49:47 Europe/Berlin] PHP Stack trace:
[12-Dec-2018 12:49:47 Europe/Berlin] PHP   1. {main}() C:\xampp\htdocs\ProiectPhp\public\index.php:0
[12-Dec-2018 12:49:47 Europe/Berlin] PHP   2. Framework\Router->checkRoute() C:\xampp\htdocs\ProiectPhp\public\index.php:30
[12-Dec-2018 12:49:48 Europe/Berlin] PHP Fatal error:  Uncaught Error: Class '\App\ControllersUserController' not found in C:\xampp\htdocs\ProiectPhp\src\Router.php:86
Stack trace:
#0 C:\xampp\htdocs\ProiectPhp\src\Router.php(41): Framework\Router->callFunction('/user/{id}', '32')
#1 C:\xampp\htdocs\ProiectPhp\public\index.php(30): Framework\Router->checkRoute()
#2 {main}
  thrown in C:\xampp\htdocs\ProiectPhp\src\Router.php on line 86
[12-Dec-2018 12:49:49 Europe/Berlin] PHP Notice:  Undefined offset: 2 in C:\xampp\htdocs\ProiectPhp\src\Router.php on line 38
[12-Dec-2018 12:49:49 Europe/Berlin] PHP Stack trace:
[12-Dec-2018 12:49:49 Europe/Berlin] PHP   1. {main}() C:\xampp\htdocs\ProiectPhp\public\index.php:0
[12-Dec-2018 12:49:49 Europe/Berlin] PHP   2. Framework\Router->checkRoute() C:\xampp\htdocs\ProiectPhp\public\index.php:30
[12-Dec-2018 12:49:49 Europe/Berlin] PHP Notice:  Undefined index: /favicon.ico in C:\xampp\htdocs\ProiectPhp\src\Router.php on line 39
[12-Dec-2018 12:49:49 Europe/Berlin] PHP Stack trace:
[12-Dec-2018 12:49:49 Europe/Berlin] PHP   1. {main}() C:\xampp\htdocs\ProiectPhp\public\index.php:0
[12-Dec-2018 12:49:49 Europe/Berlin] PHP   2. Framework\Router->checkRoute() C:\xampp\htdocs\ProiectPhp\public\index.php:30
[12-Dec-2018 12:50:47 Europe/Berlin] PHP Fatal error:  Uncaught Error: Class 'Framework\Router' not found in C:\xampp\htdocs\ProiectPhp\public\index.php:29
Stack trace:
#0 {main}
  thrown in C:\xampp\htdocs\ProiectPhp\public\index.php on line 29
[12-Dec-2018 12:50:48 Europe/Berlin] PHP Fatal error:  Uncaught Error: Class 'Framework\Router' not found in C:\xampp\htdocs\ProiectPhp\public\index.php:29
Stack trace:
#0 {main}
  thrown in C:\xampp\htdocs\ProiectPhp\public\index.php on line 29
[12-Dec-2018 12:51:08 Europe/Berlin] PHP Fatal error:  Uncaught Error: Class 'Router' not found in C:\xampp\htdocs\ProiectPhp\public\index.php:29
Stack trace:
#0 {main}
  thrown in C:\xampp\htdocs\ProiectPhp\public\index.php on line 29
[12-Dec-2018 12:51:09 Europe/Berlin] PHP Fatal error:  Uncaught Error: Class 'Router' not found in C:\xampp\htdocs\ProiectPhp\public\index.php:29
Stack trace:
#0 {main}
  thrown in C:\xampp\htdocs\ProiectPhp\public\index.php on line 29
[17-Dec-2018 09:43:51 Europe/Berlin] PHP Notice:  Undefined offset: 2 in C:\xampp\htdocs\ProiectPhp2\src\Router.php on line 38
[17-Dec-2018 09:43:51 Europe/Berlin] PHP Notice:  Undefined index: /favicon.ico in C:\xampp\htdocs\ProiectPhp2\src\Router.php on line 39
[17-Dec-2018 09:44:15 Europe/Berlin] PHP Notice:  Undefined offset: 2 in C:\xampp\htdocs\ProiectPhp2\src\Router.php on line 38
[17-Dec-2018 09:44:15 Europe/Berlin] PHP Notice:  Undefined index: /favicon.ico in C:\xampp\htdocs\ProiectPhp2\src\Router.php on line 39
[17-Dec-2018 09:44:44 Europe/Berlin] PHP Notice:  Undefined index: /page/{id} in C:\xampp\htdocs\ProiectPhp2\src\Router.php on line 39
[17-Dec-2018 09:44:44 Europe/Berlin] PHP Notice:  Undefined offset: 2 in C:\xampp\htdocs\ProiectPhp2\src\Router.php on line 38
[17-Dec-2018 09:44:44 Europe/Berlin] PHP Notice:  Undefined index: /favicon.ico in C:\xampp\htdocs\ProiectPhp2\src\Router.php on line 39
[17-Dec-2018 09:45:05 Europe/Berlin] PHP Notice:  Undefined offset: 2 in C:\xampp\htdocs\ProiectPhp2\src\Router.php on line 38
[17-Dec-2018 09:45:05 Europe/Berlin] PHP Notice:  Undefined index: /favicon.ico in C:\xampp\htdocs\ProiectPhp2\src\Router.php on line 39
[17-Dec-2018 09:49:11 Europe/Berlin] PHP Notice:  Undefined offset: 2 in C:\xampp\htdocs\ProiectPhp2\src\Router.php on line 38
[17-Dec-2018 09:49:11 Europe/Berlin] PHP Notice:  Undefined index: /favicon.ico in C:\xampp\htdocs\ProiectPhp2\src\Router.php on line 39
[17-Dec-2018 09:50:33 Europe/Berlin] PHP Notice:  Undefined offset: 2 in C:\xampp\htdocs\ProiectPhp2\src\Router.php on line 38
[17-Dec-2018 09:50:33 Europe/Berlin] PHP Notice:  Undefined index: /favicon.ico in C:\xampp\htdocs\ProiectPhp2\src\Router.php on line 39
[17-Dec-2018 09:51:08 Europe/Berlin] PHP Notice:  Undefined offset: 2 in C:\xampp\htdocs\ProiectPhp2\src\Router.php on line 38
[17-Dec-2018 09:51:08 Europe/Berlin] PHP Notice:  Undefined index: /favicon.ico in C:\xampp\htdocs\ProiectPhp2\src\Router.php on line 39
[17-Dec-2018 09:51:17 Europe/Berlin] PHP Notice:  Undefined index: /page/{id} in C:\xampp\htdocs\ProiectPhp2\src\Router.php on line 39
[17-Dec-2018 09:51:18 Europe/Berlin] PHP Notice:  Undefined offset: 2 in C:\xampp\htdocs\ProiectPhp2\src\Router.php on line 38
[17-Dec-2018 09:51:18 Europe/Berlin] PHP Notice:  Undefined index: /favicon.ico in C:\xampp\htdocs\ProiectPhp2\src\Router.php on line 39
[17-Dec-2018 09:52:33 Europe/Berlin] PHP Notice:  Undefined index: /page/{id} in C:\xampp\htdocs\ProiectPhp2\src\Router.php on line 39
[17-Dec-2018 09:52:33 Europe/Berlin] PHP Notice:  Undefined offset: 2 in C:\xampp\htdocs\ProiectPhp2\src\Router.php on line 38
[17-Dec-2018 09:52:34 Europe/Berlin] PHP Notice:  Undefined index: /favicon.ico in C:\xampp\htdocs\ProiectPhp2\src\Router.php on line 39
[17-Dec-2018 09:55:28 Europe/Berlin] PHP Notice:  Undefined index: /page/{id} in C:\xampp\htdocs\ProiectPhp2\src\Router.php on line 39
[17-Dec-2018 09:55:28 Europe/Berlin] PHP Notice:  Undefined offset: 2 in C:\xampp\htdocs\ProiectPhp2\src\Router.php on line 38
[17-Dec-2018 09:55:28 Europe/Berlin] PHP Notice:  Undefined index: /favicon.ico in C:\xampp\htdocs\ProiectPhp2\src\Router.php on line 39
[17-Dec-2018 09:55:33 Europe/Berlin] PHP Notice:  Undefined index: /page/{id} in C:\xampp\htdocs\ProiectPhp2\src\Router.php on line 39
[17-Dec-2018 09:55:33 Europe/Berlin] PHP Notice:  Undefined offset: 2 in C:\xampp\htdocs\ProiectPhp2\src\Router.php on line 38
[17-Dec-2018 09:55:33 Europe/Berlin] PHP Notice:  Undefined index: /favicon.ico in C:\xampp\htdocs\ProiectPhp2\src\Router.php on line 39
[17-Dec-2018 09:57:41 Europe/Berlin] PHP Notice:  Undefined offset: 2 in C:\xampp\htdocs\ProiectPhp2\src\Router.php on line 38
[17-Dec-2018 09:57:41 Europe/Berlin] PHP Notice:  Undefined index: /favicon.ico in C:\xampp\htdocs\ProiectPhp2\src\Router.php on line 39
[17-Dec-2018 09:58:36 Europe/Berlin] PHP Notice:  Undefined index: /page/{id} in C:\xampp\htdocs\ProiectPhp2\src\Router.php on line 39
[17-Dec-2018 09:58:36 Europe/Berlin] PHP Notice:  Undefined offset: 2 in C:\xampp\htdocs\ProiectPhp2\src\Router.php on line 38
[17-Dec-2018 09:58:36 Europe/Berlin] PHP Notice:  Undefined index: /favicon.ico in C:\xampp\htdocs\ProiectPhp2\src\Router.php on line 39
[17-Dec-2018 10:00:11 Europe/Berlin] PHP Notice:  Undefined offset: 2 in C:\xampp\htdocs\ProiectPhp2\src\Router.php on line 38
[17-Dec-2018 10:00:11 Europe/Berlin] PHP Notice:  Undefined index: /favicon.ico in C:\xampp\htdocs\ProiectPhp2\src\Router.php on line 40
[17-Dec-2018 10:02:39 Europe/Berlin] PHP Notice:  Undefined offset: 2 in C:\xampp\htdocs\ProiectPhp2\src\Router.php on line 40
[17-Dec-2018 10:02:39 Europe/Berlin] PHP Notice:  Undefined index: /favicon.ico in C:\xampp\htdocs\ProiectPhp2\src\Router.php on line 41
[17-Dec-2018 10:03:09 Europe/Berlin] PHP Notice:  Undefined offset: 2 in C:\xampp\htdocs\ProiectPhp2\src\Router.php on line 40
[17-Dec-2018 10:03:09 Europe/Berlin] PHP Notice:  Undefined index: /favicon.ico in C:\xampp\htdocs\ProiectPhp2\src\Router.php on line 41
[17-Dec-2018 10:05:09 Europe/Berlin] PHP Notice:  Undefined offset: 2 in C:\xampp\htdocs\ProiectPhp2\src\Router.php on line 40
[17-Dec-2018 10:05:09 Europe/Berlin] PHP Notice:  Undefined index: /favicon.ico in C:\xampp\htdocs\ProiectPhp2\src\Router.php on line 41
[17-Dec-2018 10:05:42 Europe/Berlin] PHP Notice:  Undefined offset: 2 in C:\xampp\htdocs\ProiectPhp2\src\Router.php on line 40
[17-Dec-2018 10:05:42 Europe/Berlin] PHP Notice:  Undefined index: /favicon.ico in C:\xampp\htdocs\ProiectPhp2\src\Router.php on line 41
[17-Dec-2018 10:17:37 Europe/Berlin] PHP Fatal error:  Class 'Framework\Controller' not found in C:\xampp\htdocs\ProiectPhp2\app\controllers\UserController.php on line 11
[17-Dec-2018 10:17:37 Europe/Berlin] PHP Notice:  Undefined offset: 2 in C:\xampp\htdocs\ProiectPhp2\src\Router.php on line 40
[17-Dec-2018 10:17:37 Europe/Berlin] PHP Notice:  Undefined index: /favicon.ico in C:\xampp\htdocs\ProiectPhp2\src\Router.php on line 41
[17-Dec-2018 10:20:50 Europe/Berlin] PHP Warning:  Use of undefined constant “user - assumed '“user' (this will throw an Error in a future version of PHP) in C:\xampp\htdocs\ProiectPhp2\app\controllers\UserController.php on line 22
[17-Dec-2018 10:20:50 Europe/Berlin] PHP Warning:  Use of undefined constant index - assumed 'index' (this will throw an Error in a future version of PHP) in C:\xampp\htdocs\ProiectPhp2\app\controllers\UserController.php on line 22
[17-Dec-2018 10:20:50 Europe/Berlin] PHP Warning:  A non-numeric value encountered in C:\xampp\htdocs\ProiectPhp2\app\controllers\UserController.php on line 22
[17-Dec-2018 10:20:50 Europe/Berlin] PHP Warning:  A non-numeric value encountered in C:\xampp\htdocs\ProiectPhp2\app\controllers\UserController.php on line 22
[17-Dec-2018 10:20:50 Europe/Berlin] PHP Warning:  Division by zero in C:\xampp\htdocs\ProiectPhp2\app\controllers\UserController.php on line 22
[17-Dec-2018 10:20:50 Europe/Berlin] PHP Warning:  Use of undefined constant html” - assumed 'html”' (this will throw an Error in a future version of PHP) in C:\xampp\htdocs\ProiectPhp2\app\controllers\UserController.php on line 22
[17-Dec-2018 10:20:50 Europe/Berlin] PHP Fatal error:  Uncaught Twig_Error_Loader: Unable to find template "NANhtml”" (looked into: C:\xampp\htdocs\ProiectPhp2\src/../app/Views). in C:\xampp\htdocs\ProiectPhp2\vendor\twig\twig\lib\Twig\Loader\Filesystem.php:234
Stack trace:
#0 C:\xampp\htdocs\ProiectPhp2\vendor\twig\twig\lib\Twig\Loader\Filesystem.php(143): Twig_Loader_Filesystem->findTemplate('NANhtml\xE2\x80\x9D')
#1 C:\xampp\htdocs\ProiectPhp2\vendor\twig\twig\lib\Twig\Environment.php(270): Twig_Loader_Filesystem->getCacheKey('NANhtml\xE2\x80\x9D')
#2 C:\xampp\htdocs\ProiectPhp2\vendor\twig\twig\lib\Twig\Environment.php(350): Twig_Environment->getTemplateClass('NANhtml\xE2\x80\x9D')
#3 C:\xampp\htdocs\ProiectPhp2\vendor\twig\twig\lib\Twig\Environment.php(289): Twig_Environment->loadTemplate('NANhtml\xE2\x80\x9D')
#4 C:\xampp\htdocs\ProiectPhp2\src\Controller.php(27): Twig_Environment->render('NANhtml\xE2\x80\x9D', Array)
#5 C:\xampp\htdocs\ProiectPhp2\app\controllers\UserController.php(22): Framework\Controller->view('NANhtml\xE2\x80\x9D')
#6 C:\xampp\htdocs in C:\xampp\htdocs\ProiectPhp2\vendor\twig\twig\lib\Twig\Loader\Filesystem.php on line 234
[17-Dec-2018 10:20:50 Europe/Berlin] PHP Notice:  Undefined offset: 2 in C:\xampp\htdocs\ProiectPhp2\src\Router.php on line 40
[17-Dec-2018 10:20:50 Europe/Berlin] PHP Notice:  Undefined index: /favicon.ico in C:\xampp\htdocs\ProiectPhp2\src\Router.php on line 41
[17-Dec-2018 10:32:19 Europe/Berlin] PHP Warning:  Use of undefined constant “user - assumed '“user' (this will throw an Error in a future version of PHP) in C:\xampp\htdocs\ProiectPhp2\app\controllers\UserController.php on line 22
[17-Dec-2018 10:32:19 Europe/Berlin] PHP Warning:  Use of undefined constant index - assumed 'index' (this will throw an Error in a future version of PHP) in C:\xampp\htdocs\ProiectPhp2\app\controllers\UserController.php on line 22
[17-Dec-2018 10:32:19 Europe/Berlin] PHP Warning:  A non-numeric value encountered in C:\xampp\htdocs\ProiectPhp2\app\controllers\UserController.php on line 22
[17-Dec-2018 10:32:19 Europe/Berlin] PHP Warning:  A non-numeric value encountered in C:\xampp\htdocs\ProiectPhp2\app\controllers\UserController.php on line 22
[17-Dec-2018 10:32:19 Europe/Berlin] PHP Warning:  Division by zero in C:\xampp\htdocs\ProiectPhp2\app\controllers\UserController.php on line 22
[17-Dec-2018 10:32:19 Europe/Berlin] PHP Warning:  Use of undefined constant html” - assumed 'html”' (this will throw an Error in a future version of PHP) in C:\xampp\htdocs\ProiectPhp2\app\controllers\UserController.php on line 22
[17-Dec-2018 10:32:19 Europe/Berlin] PHP Fatal error:  Uncaught Twig_Error_Loader: Unable to find template "NANhtml”" (looked into: C:\xampp\htdocs\ProiectPhp2\src/../app/Views). in C:\xampp\htdocs\ProiectPhp2\vendor\twig\twig\lib\Twig\Loader\Filesystem.php:234
Stack trace:
#0 C:\xampp\htdocs\ProiectPhp2\vendor\twig\twig\lib\Twig\Loader\Filesystem.php(143): Twig_Loader_Filesystem->findTemplate('NANhtml\xE2\x80\x9D')
#1 C:\xampp\htdocs\ProiectPhp2\vendor\twig\twig\lib\Twig\Environment.php(270): Twig_Loader_Filesystem->getCacheKey('NANhtml\xE2\x80\x9D')
#2 C:\xampp\htdocs\ProiectPhp2\vendor\twig\twig\lib\Twig\Environment.php(350): Twig_Environment->getTemplateClass('NANhtml\xE2\x80\x9D')
#3 C:\xampp\htdocs\ProiectPhp2\vendor\twig\twig\lib\Twig\Environment.php(289): Twig_Environment->loadTemplate('NANhtml\xE2\x80\x9D')
#4 C:\xampp\htdocs\ProiectPhp2\src\Controller.php(26): Twig_Environment->render('NANhtml\xE2\x80\x9D', Array)
#5 C:\xampp\htdocs\ProiectPhp2\app\controllers\UserController.php(22): Framework\Controller->view('NANhtml\xE2\x80\x9D')
#6 C:\xampp\htdocs in C:\xampp\htdocs\ProiectPhp2\vendor\twig\twig\lib\Twig\Loader\Filesystem.php on line 234
[17-Dec-2018 10:32:19 Europe/Berlin] PHP Notice:  Undefined offset: 2 in C:\xampp\htdocs\ProiectPhp2\src\Router.php on line 40
[17-Dec-2018 10:32:19 Europe/Berlin] PHP Notice:  Undefined index: /favicon.ico in C:\xampp\htdocs\ProiectPhp2\src\Router.php on line 41
[17-Dec-2018 10:46:26 Europe/Berlin] PHP Warning:  Use of undefined constant “user - assumed '“user' (this will throw an Error in a future version of PHP) in C:\xampp\htdocs\ProiectPhp2\app\controllers\UserController.php on line 22
[17-Dec-2018 10:46:26 Europe/Berlin] PHP Warning:  Use of undefined constant index - assumed 'index' (this will throw an Error in a future version of PHP) in C:\xampp\htdocs\ProiectPhp2\app\controllers\UserController.php on line 22
[17-Dec-2018 10:46:26 Europe/Berlin] PHP Warning:  A non-numeric value encountered in C:\xampp\htdocs\ProiectPhp2\app\controllers\UserController.php on line 22
[17-Dec-2018 10:46:26 Europe/Berlin] PHP Warning:  A non-numeric value encountered in C:\xampp\htdocs\ProiectPhp2\app\controllers\UserController.php on line 22
[17-Dec-2018 10:46:26 Europe/Berlin] PHP Warning:  Division by zero in C:\xampp\htdocs\ProiectPhp2\app\controllers\UserController.php on line 22
[17-Dec-2018 10:46:26 Europe/Berlin] PHP Warning:  Use of undefined constant html” - assumed 'html”' (this will throw an Error in a future version of PHP) in C:\xampp\htdocs\ProiectPhp2\app\controllers\UserController.php on line 22
[17-Dec-2018 10:46:26 Europe/Berlin] PHP Fatal error:  Uncaught Twig_Error_Loader: Unable to find template "NANhtml”" (looked into: C:\xampp\htdocs\ProiectPhp2\src/../app/Views). in C:\xampp\htdocs\ProiectPhp2\vendor\twig\twig\lib\Twig\Loader\Filesystem.php:234
Stack trace:
#0 C:\xampp\htdocs\ProiectPhp2\vendor\twig\twig\lib\Twig\Loader\Filesystem.php(143): Twig_Loader_Filesystem->findTemplate('NANhtml\xE2\x80\x9D')
#1 C:\xampp\htdocs\ProiectPhp2\vendor\twig\twig\lib\Twig\Environment.php(270): Twig_Loader_Filesystem->getCacheKey('NANhtml\xE2\x80\x9D')
#2 C:\xampp\htdocs\ProiectPhp2\vendor\twig\twig\lib\Twig\Environment.php(350): Twig_Environment->getTemplateClass('NANhtml\xE2\x80\x9D')
#3 C:\xampp\htdocs\ProiectPhp2\vendor\twig\twig\lib\Twig\Environment.php(289): Twig_Environment->loadTemplate('NANhtml\xE2\x80\x9D')
#4 C:\xampp\htdocs\ProiectPhp2\src\Controller.php(26): Twig_Environment->render('NANhtml\xE2\x80\x9D', Array)
#5 C:\xampp\htdocs\ProiectPhp2\app\controllers\UserController.php(22): Framework\Controller->view('NANhtml\xE2\x80\x9D')
#6 C:\xampp\htdocs in C:\xampp\htdocs\ProiectPhp2\vendor\twig\twig\lib\Twig\Loader\Filesystem.php on line 234
[17-Dec-2018 10:46:26 Europe/Berlin] PHP Notice:  Undefined offset: 2 in C:\xampp\htdocs\ProiectPhp2\src\Router.php on line 40
[17-Dec-2018 10:46:26 Europe/Berlin] PHP Notice:  Undefined index: /favicon.ico in C:\xampp\htdocs\ProiectPhp2\src\Router.php on line 41
[17-Dec-2018 11:37:55 Europe/Berlin] PHP Notice:  Undefined offset: 2 in C:\xampp\htdocs\ProiectPhp2\src\Router.php on line 40
[17-Dec-2018 11:37:55 Europe/Berlin] PHP Notice:  Undefined index: /favicon.ico in C:\xampp\htdocs\ProiectPhp2\src\Router.php on line 41
